<?xml version="1.0" encoding="UTF-8"?>
<!-- Generated by org.testng.reporters.JUnitReportReporter -->
<testsuite skipped="1" hostname="DESKTOP-617NJEG" name="com.framework.testcase.TC_SelectFlightTest_003" tests="1" failures="0" timestamp="2021-04-14T19:30:29 IST" time="0.000" errors="0">
  <testcase name="SelectFlightPage" time="0.000" classname="com.framework.testcase.TC_SelectFlightTest_003">
    <skipped/>
  </testcase> <!-- SelectFlightPage -->
</testsuite> <!-- com.framework.testcase.TC_SelectFlightTest_003 -->
